<?xml version="1.0" encoding="UTF-8"?>
<!-- Generated by org.testng.reporters.JUnitReportReporter -->
<testsuite hostname="LAPTOP-536IQSF9" failures="0" tests="1" name="Tests.signinTest" time="11.441" errors="0" timestamp="2022-09-20T23:10:26 IST" skipped="0">
  <testcase classname="Tests.signinTest" name="Login" time="11.441"/>
  <system-out/>
</testsuite> <!-- Tests.signinTest -->
