<?xml version="1.0" encoding="UTF-8"?>
<!-- Generated by org.testng.reporters.JUnitReportReporter -->
<testsuite hostname="LAPTOP-536IQSF9" failures="0" tests="6" name="Tests.signupTest" time="36.436" errors="0" timestamp="2022-09-20T16:47:58 IST" skipped="0">
  <testcase classname="Tests.signupTest" name="usernameTest" time="6.089"/>
  <system-out/>
  <testcase classname="Tests.signupTest" name="EmailTest" time="6.051"/>
  <system-out/>
  <testcase classname="Tests.signupTest" name="alreadyRegisteredEmail" time="5.387"/>
  <system-out/>
  <testcase classname="Tests.signupTest" name="Signup" time="4.199"/>
  <system-out/>
  <testcase classname="Tests.signupTest" name="passwordTest" time="5.812"/>
  <system-out/>
  <testcase classname="Tests.signupTest" name="preRegisteredUsername" time="8.898"/>
  <system-out/>
</testsuite> <!-- Tests.signupTest -->
